File: /home/ubuntu/Viage/ViageApp/views.py: at Line 57 :- Inside Index Page
File: /home/ubuntu/Viage/ViageApp/views.py: at Line 119 :- Inside Home Page
File: /home/ubuntu/Viage/ViageApp/views.py: at Line 119 :- Inside Home Page
File: /home/ubuntu/Viage/ViageApp/views.py: at Line 119 :- Inside Home Page
File: /home/ubuntu/Viage/ViageApp/views.py: at Line 57 :- Inside Index Page
File: /home/ubuntu/Viage/ViageApp/views.py: at Line 119 :- Inside Home Page
File: /home/ubuntu/Viage/ViageApp/views.py: at Line 57 :- Inside Index Page
File: /home/ubuntu/Viage/ViageApp/views.py: at Line 119 :- Inside Home Page
File: /home/ubuntu/Viage/ViageApp/views.py: at Line 57 :- Inside Index Page
File: /home/ubuntu/Viage/ViageApp/views.py: at Line 119 :- Inside Home Page
File: /home/ubuntu/Viage/ViageApp/views.py: at Line 57 :- Inside Index Page
File: /home/ubuntu/Viage/ViageApp/views.py: at Line 119 :- Inside Home Page
File: /home/ubuntu/Viage/ViageApp/views.py: at Line 57 :- Inside Index Page
File: /home/ubuntu/Viage/ViageApp/views.py: at Line 57 :- Inside Index Page
File: /home/ubuntu/Viage/ViageApp/views.py: at Line 119 :- Inside Home Page
File: /home/ubuntu/Viage/ViageApp/views.py: at Line 178 :- Inside Trip Plan Page
File: /home/ubuntu/Viage/ViageApp/views.py: at Line 119 :- Inside Home Page
File: /home/ubuntu/Viage/ViageApp/views.py: at Line 57 :- Inside Index Page
File: /home/ubuntu/Viage/ViageApp/views.py: at Line 119 :- Inside Home Page
File: /home/ubuntu/Viage/ViageApp/views.py: at Line 178 :- Inside Trip Plan Page
File: /home/ubuntu/Viage/ViageApp/views.py: at Line 178 :- Inside Trip Plan Page
File: /home/ubuntu/Viage/ViageApp/views.py: at Line 209 :- Inside Book Trip Plan Page
File: /home/ubuntu/Viage/ViageApp/views.py: at Line 178 :- Inside Trip Plan Page
File: /home/ubuntu/Viage/ViageApp/views.py: at Line 119 :- Inside Home Page
File: /home/ubuntu/Viage/ViageApp/views.py: at Line 57 :- Inside Index Page
File: /home/ubuntu/Viage/ViageApp/views.py: at Line 57 :- Inside Index Page
File: /home/ubuntu/Viage/ViageApp/views.py: at Line 119 :- Inside Home Page
Error [list index out of range] File: [/home/ubuntu/Viage/ViageApp/views.py]: at Line [170] :-Message [HomePage has an error]
File: /home/ubuntu/Viage/ViageApp/views.py: at Line 57 :- Inside Index Page
File: /home/ubuntu/Viage/ViageApp/views.py: at Line 119 :- Inside Home Page
File: /home/ubuntu/Viage/ViageApp/views.py: at Line 57 :- Inside Index Page
File: /home/ubuntu/Viage/ViageApp/views.py: at Line 57 :- Inside Index Page
File: /home/ubuntu/Viage/ViageApp/views.py: at Line 57 :- Inside Index Page
File: /home/ubuntu/Viage/ViageApp/views.py: at Line 57 :- Inside Index Page
File: /home/ubuntu/Viage/ViageApp/views.py: at Line 57 :- Inside Index Page
File: /home/ubuntu/Viage/ViageApp/views.py: at Line 119 :- Inside Home Page
File: /home/ubuntu/Viage/ViageApp/views.py: at Line 533 :- Inside Raise request
File: /home/ubuntu/Viage/ViageApp/views.py: at Line 57 :- Inside Index Page
File: /home/ubuntu/Viage/ViageApp/views.py: at Line 57 :- Inside Index Page
File: /home/ubuntu/Viage/ViageApp/views.py: at Line 57 :- Inside Index Page
File: /home/ubuntu/Viage/ViageApp/views.py: at Line 57 :- Inside Index Page
File: /home/ubuntu/Viage/ViageApp/views.py: at Line 209 :- Inside Book Trip Plan Page
Error ['place_to_visit'] File: [/home/ubuntu/Viage/ViageApp/views.py]: at Line [262] :-Message [Error in BookTrip]
Error [Field 'id' expected a number but got 'undefined'.] File: [/home/ubuntu/Viage/ViageApp/views.py]: at Line [313] :-Message [Error in EditTrip]
File: /home/ubuntu/Viage/ViageApp/views.py: at Line 209 :- Inside Book Trip Plan Page
Error ['place_to_visit'] File: [/home/ubuntu/Viage/ViageApp/views.py]: at Line [262] :-Message [Error in BookTrip]
Error [Field 'id' expected a number but got 'undefined'.] File: [/home/ubuntu/Viage/ViageApp/views.py]: at Line [313] :-Message [Error in EditTrip]
File: /home/ubuntu/Viage/ViageApp/views.py: at Line 57 :- Inside Index Page
File: /home/ubuntu/Viage/ViageApp/views.py: at Line 57 :- Inside Index Page
File: /home/ubuntu/Viage/ViageApp/views.py: at Line 57 :- Inside Index Page
File: /home/ubuntu/Viage/ViageApp/views.py: at Line 57 :- Inside Index Page
File: /home/ubuntu/Viage/ViageApp/views.py: at Line 57 :- Inside Index Page
File: /home/ubuntu/Viage/ViageApp/views.py: at Line 57 :- Inside Index Page
File: /home/ubuntu/Viage/ViageApp/views.py: at Line 57 :- Inside Index Page
File: /home/ubuntu/Viage/ViageApp/views.py: at Line 57 :- Inside Index Page
File: /home/ubuntu/Viage/ViageApp/views.py: at Line 57 :- Inside Index Page
File: /home/ubuntu/Viage/ViageApp/views.py: at Line 57 :- Inside Index Page
File: /home/ubuntu/Viage/ViageApp/views.py: at Line 57 :- Inside Index Page
File: /home/ubuntu/Viage/ViageApp/views.py: at Line 57 :- Inside Index Page
File: /home/ubuntu/Viage/ViageApp/views.py: at Line 119 :- Inside Home Page
File: /home/ubuntu/Viage/ViageApp/views.py: at Line 119 :- Inside Home Page
File: /home/ubuntu/Viage/ViageApp/views.py: at Line 119 :- Inside Home Page
File: /home/ubuntu/Viage/ViageApp/views.py: at Line 57 :- Inside Index Page
File: /home/ubuntu/Viage/ViageApp/views.py: at Line 57 :- Inside Index Page
File: /home/ubuntu/Viage/ViageApp/views.py: at Line 209 :- Inside Book Trip Plan Page
File: /home/ubuntu/Viage/ViageApp/views.py: at Line 57 :- Inside Index Page
File: /home/ubuntu/Viage/ViageApp/views.py: at Line 57 :- Inside Index Page
File: /home/ubuntu/Viage/ViageApp/views.py: at Line 57 :- Inside Index Page
File: /home/ubuntu/Viage/ViageApp/views.py: at Line 57 :- Inside Index Page
File: /home/ubuntu/Viage/ViageApp/views.py: at Line 209 :- Inside Book Trip Plan Page
Error ['place_to_visit'] File: [/home/ubuntu/Viage/ViageApp/views.py]: at Line [262] :-Message [Error in BookTrip]
Error [Field 'id' expected a number but got 'undefined'.] File: [/home/ubuntu/Viage/ViageApp/views.py]: at Line [313] :-Message [Error in EditTrip]
File: /home/ubuntu/Viage/ViageApp/views.py: at Line 209 :- Inside Book Trip Plan Page
File: /home/ubuntu/Viage/ViageApp/views.py: at Line 209 :- Inside Book Trip Plan Page
Error ['place_to_visit'] File: [/home/ubuntu/Viage/ViageApp/views.py]: at Line [262] :-Message [Error in BookTrip]
Error [Field 'id' expected a number but got 'undefined'.] File: [/home/ubuntu/Viage/ViageApp/views.py]: at Line [313] :-Message [Error in EditTrip]
File: /home/ubuntu/Viage/ViageApp/views.py: at Line 57 :- Inside Index Page
File: /home/ubuntu/Viage/ViageApp/views.py: at Line 57 :- Inside Index Page
File: /home/ubuntu/Viage/ViageApp/views.py: at Line 119 :- Inside Home Page
File: /home/ubuntu/Viage/ViageApp/views.py: at Line 57 :- Inside Index Page
File: /home/ubuntu/Viage/ViageApp/views.py: at Line 209 :- Inside Book Trip Plan Page
File: /home/ubuntu/Viage/ViageApp/views.py: at Line 57 :- Inside Index Page
File: /home/ubuntu/Viage/ViageApp/views.py: at Line 209 :- Inside Book Trip Plan Page
File: /home/ubuntu/Viage/ViageApp/views.py: at Line 119 :- Inside Home Page
File: /home/ubuntu/Viage/ViageApp/views.py: at Line 178 :- Inside Trip Plan Page
File: /home/ubuntu/Viage/ViageApp/views.py: at Line 209 :- Inside Book Trip Plan Page
File: /home/ubuntu/Viage/ViageApp/views.py: at Line 57 :- Inside Index Page
File: /home/ubuntu/Viage/ViageApp/views.py: at Line 178 :- Inside Trip Plan Page
File: /home/ubuntu/Viage/ViageApp/views.py: at Line 119 :- Inside Home Page
File: /home/ubuntu/Viage/ViageApp/views.py: at Line 57 :- Inside Index Page
File: /home/ubuntu/Viage/ViageApp/views.py: at Line 119 :- Inside Home Page
File: /home/ubuntu/Viage/ViageApp/views.py: at Line 119 :- Inside Home Page
File: /home/ubuntu/Viage/ViageApp/views.py: at Line 57 :- Inside Index Page
File: /home/ubuntu/Viage/ViageApp/views.py: at Line 119 :- Inside Home Page
File: /home/ubuntu/Viage/ViageApp/views.py: at Line 119 :- Inside Home Page
File: /home/ubuntu/Viage/ViageApp/views.py: at Line 119 :- Inside Home Page
File: /home/ubuntu/Viage/ViageApp/views.py: at Line 57 :- Inside Index Page
File: /home/ubuntu/Viage/ViageApp/views.py: at Line 57 :- Inside Index Page
File: /home/ubuntu/Viage/ViageApp/views.py: at Line 57 :- Inside Index Page
